0 silly argv { _: [ 'bootstrap' ],
0 silly argv   hoist: true,
0 silly argv   lernaVersion: '3.4.0',
0 silly argv   '$0': '/Users/michael/github/gotham-university/repos/gotham-science/node_modules/.bin/lerna' }
1 notice cli v3.4.0
2 verbose rootPath /Users/michael/github/gotham-university/repos/gotham-science
3 silly npmConfig { registry: undefined,
3 silly npmConfig   npmClient: 'npm',
3 silly npmConfig   npmClientArgs: undefined,
3 silly npmConfig   mutex: undefined }
4 info Bootstrapping 0 package
5 verbose lifecycle preinstall
6 verbose hoist using globs ["**"]
7 silly hasDependencyInstalled gotham-science @babel/core
8 silly hasDependencyInstalled gotham-science @babel/preset-env
9 silly hasDependencyInstalled gotham-science @storybook/addon-a11y
10 silly hasDependencyInstalled gotham-science @storybook/addon-actions
11 silly hasDependencyInstalled gotham-science @storybook/addon-knobs
12 silly hasDependencyInstalled gotham-science @storybook/addon-notes
13 silly hasDependencyInstalled gotham-science @storybook/addon-options
14 silly hasDependencyInstalled gotham-science @storybook/addon-storyshots
15 silly hasDependencyInstalled gotham-science @storybook/addon-storysource
16 silly hasDependencyInstalled gotham-science @storybook/addon-viewport
17 silly hasDependencyInstalled gotham-science @storybook/cli
18 silly hasDependencyInstalled gotham-science @storybook/polymer
19 silly hasDependencyInstalled gotham-science @webcomponents/webcomponentsjs
20 silly hasDependencyInstalled gotham-science babel-plugin-external-helpers
21 silly hasDependencyInstalled gotham-science babel-plugin-transform-es2015-modules-umd
22 silly hasDependencyInstalled gotham-science babel-preset-env
23 silly hasDependencyInstalled gotham-science browser-sync
24 silly hasDependencyInstalled gotham-science chalk
25 silly hasDependencyInstalled gotham-science css-scss
26 silly hasDependencyInstalled gotham-science decomment
27 silly hasDependencyInstalled gotham-science del
28 silly hasDependencyInstalled gotham-science dialog-polyfill
29 silly hasDependencyInstalled gotham-science global
30 silly hasDependencyInstalled gotham-science gulp
31 silly hasDependencyInstalled gotham-science gulp-babel
32 silly hasDependencyInstalled gotham-science gulp-clean-css
33 silly hasDependencyInstalled gotham-science gulp-concat-util
34 silly hasDependencyInstalled gotham-science gulp-rename
35 silly hasDependencyInstalled gotham-science gulp-replace
36 silly hasDependencyInstalled gotham-science gulp-sass
37 silly hasDependencyInstalled gotham-science gulp-sequence
38 silly hasDependencyInstalled gotham-science gulp-shell
39 silly hasDependencyInstalled gotham-science gulp-strip-css-comments
40 silly hasDependencyInstalled gotham-science gulp-svg-sprite
41 silly hasDependencyInstalled gotham-science gulp-trim
42 silly hasDependencyInstalled gotham-science gulp-uglify
43 silly hasDependencyInstalled gotham-science husky
44 silly hasDependencyInstalled gotham-science lerna
45 silly hasDependencyInstalled gotham-science lint-staged
46 silly hasDependencyInstalled gotham-science lodash
47 silly hasDependencyInstalled gotham-science lodash.clonedeep
48 silly hasDependencyInstalled gotham-science node-sass
49 silly hasDependencyInstalled gotham-science polymer-build
50 silly hasDependencyInstalled gotham-science polymer-webpack-loader
51 silly hasDependencyInstalled gotham-science prettier
52 silly hasDependencyInstalled gotham-science requirejs
53 silly hasDependencyInstalled gotham-science rollup
54 silly hasDependencyInstalled gotham-science rollup-plugin-babel
55 silly hasDependencyInstalled gotham-science rollup-plugin-commonjs
56 silly hasDependencyInstalled gotham-science rollup-plugin-node-resolve
57 silly hasDependencyInstalled gotham-science rollup-plugin-uglify
58 silly hasDependencyInstalled gotham-science spandx
59 silly hasDependencyInstalled gotham-science strip-css-comments
60 silly hasDependencyInstalled gotham-science trim
61 silly hasDependencyInstalled gotham-science wct-browser-legacy
62 silly hasDependencyInstalled gotham-science web-component-tester
63 silly hasDependencyInstalled gotham-science whatwg-fetch
64 silly hasDependencyInstalled gotham-science yo
65 silly hasDependencyInstalled gotham-science @polymer/lit-element
66 silly hasDependencyInstalled gotham-science @polymer/polymer
67 silly hasDependencyInstalled gotham-science babel-plugin-transform-custom-element-classes
68 silly hasDependencyInstalled gotham-science gulp-copy
69 silly hasDependencyInstalled gotham-science inquirer-recursive
70 silly hasDependencyInstalled gotham-science jest
71 silly hasDependencyInstalled gotham-science slim-js
72 silly root dependencies {}
73 silly leaf dependencies {}
74 info Installing external dependencies
75 verbose actions 2 actions, concurrency 4
76 info hoist Installing hoisted dependencies into root
77 silly npmInstallDependencies gotham-science [ '@babel/core@^7.0.0',
77 silly npmInstallDependencies   '@babel/preset-env@^7.0.0',
77 silly npmInstallDependencies   '@storybook/addon-a11y@^3.4.10',
77 silly npmInstallDependencies   '@storybook/addon-actions@^3.4.8',
77 silly npmInstallDependencies   '@storybook/addon-knobs@^3.4.8',
77 silly npmInstallDependencies   '@storybook/addon-notes@^3.4.8',
77 silly npmInstallDependencies   '@storybook/addon-options@^3.4.8',
77 silly npmInstallDependencies   '@storybook/addon-storyshots@^3.4.10',
77 silly npmInstallDependencies   '@storybook/addon-storysource@^3.4.10',
77 silly npmInstallDependencies   '@storybook/addon-viewport@^3.4.8',
77 silly npmInstallDependencies   '@storybook/cli@^3.4.11',
77 silly npmInstallDependencies   '@storybook/polymer@^3.4.8',
77 silly npmInstallDependencies   '@webcomponents/webcomponentsjs@^2.0.3',
77 silly npmInstallDependencies   'babel-plugin-external-helpers@^6.22.0',
77 silly npmInstallDependencies   'babel-plugin-transform-es2015-modules-umd@^6.24.1',
77 silly npmInstallDependencies   'babel-preset-env@^1.7.0',
77 silly npmInstallDependencies   'browser-sync@^2.24.6',
77 silly npmInstallDependencies   'chalk@^2.4.1',
77 silly npmInstallDependencies   'css-scss@^0.1.1',
77 silly npmInstallDependencies   'decomment@^0.9.1',
77 silly npmInstallDependencies   'del@^3.0.0',
77 silly npmInstallDependencies   'dialog-polyfill@^0.4.10',
77 silly npmInstallDependencies   'global@^4.3.2',
77 silly npmInstallDependencies   'gulp@github:gulpjs/gulp#4.0',
77 silly npmInstallDependencies   'gulp-babel@^7.0.0',
77 silly npmInstallDependencies   'gulp-clean-css@^3.10.0',
77 silly npmInstallDependencies   'gulp-concat-util@^0.5.5',
77 silly npmInstallDependencies   'gulp-rename@^1.4.0',
77 silly npmInstallDependencies   'gulp-replace@^1.0.0',
77 silly npmInstallDependencies   'gulp-sass@^4.0.1',
77 silly npmInstallDependencies   'gulp-sequence@^1.0.0',
77 silly npmInstallDependencies   'gulp-shell@^0.6.5',
77 silly npmInstallDependencies   'gulp-strip-css-comments@^2.0.0',
77 silly npmInstallDependencies   'gulp-svg-sprite@^1.4.0',
77 silly npmInstallDependencies   'gulp-trim@^1.0.2',
77 silly npmInstallDependencies   'gulp-uglify@^3.0.1',
77 silly npmInstallDependencies   'husky@^0.14.3',
77 silly npmInstallDependencies   'lerna@^3.4.0',
77 silly npmInstallDependencies   'lint-staged@^7.2.0',
77 silly npmInstallDependencies   'lodash@^4.17.10',
77 silly npmInstallDependencies   'lodash.clonedeep@^4.5.0',
77 silly npmInstallDependencies   'node-sass@^4.9.2',
77 silly npmInstallDependencies   'polymer-build@^3.0.4',
77 silly npmInstallDependencies   'polymer-webpack-loader@^2.0.3',
77 silly npmInstallDependencies   'prettier@^1.14.0',
77 silly npmInstallDependencies   'requirejs@^2.3.5',
77 silly npmInstallDependencies   'rollup@^0.64.1',
77 silly npmInstallDependencies   'rollup-plugin-babel@^4.0.3',
77 silly npmInstallDependencies   'rollup-plugin-commonjs@^9.1.6',
77 silly npmInstallDependencies   'rollup-plugin-node-resolve@^3.4.0',
77 silly npmInstallDependencies   'rollup-plugin-uglify@^4.0.0',
77 silly npmInstallDependencies   'spandx@^1.0.3',
77 silly npmInstallDependencies   'strip-css-comments@^3.0.0',
77 silly npmInstallDependencies   'trim@0.0.1',
77 silly npmInstallDependencies   'wct-browser-legacy@^1.0.1',
77 silly npmInstallDependencies   'web-component-tester@^6.7.1',
77 silly npmInstallDependencies   'whatwg-fetch@^2.0.3',
77 silly npmInstallDependencies   'yo@^1.8.5',
77 silly npmInstallDependencies   '@polymer/lit-element@^0.5.2',
77 silly npmInstallDependencies   '@polymer/polymer@^3.0.5',
77 silly npmInstallDependencies   'babel-plugin-transform-custom-element-classes@^0.1.0',
77 silly npmInstallDependencies   'gulp-copy@^1.1.0',
77 silly npmInstallDependencies   'inquirer-recursive@0.0.5',
77 silly npmInstallDependencies   'jest@^23.6.0',
77 silly npmInstallDependencies   'slim-js@^3.3.4' ]
78 silly npmInstallDependencies backup /Users/michael/github/gotham-university/repos/gotham-science/package.json
79 verbose hoist nothing to prune
80 silly npmInstallDependencies writing tempJson { name: 'gotham-science',
80 silly npmInstallDependencies   version: '1.0.0',
80 silly npmInstallDependencies   devDependencies:
80 silly npmInstallDependencies    { '@babel/core': '^7.0.0',
80 silly npmInstallDependencies      '@babel/preset-env': '^7.0.0',
80 silly npmInstallDependencies      '@storybook/addon-a11y': '^3.4.10',
80 silly npmInstallDependencies      '@storybook/addon-actions': '^3.4.8',
80 silly npmInstallDependencies      '@storybook/addon-knobs': '^3.4.8',
80 silly npmInstallDependencies      '@storybook/addon-notes': '^3.4.8',
80 silly npmInstallDependencies      '@storybook/addon-options': '^3.4.8',
80 silly npmInstallDependencies      '@storybook/addon-storyshots': '^3.4.10',
80 silly npmInstallDependencies      '@storybook/addon-storysource': '^3.4.10',
80 silly npmInstallDependencies      '@storybook/addon-viewport': '^3.4.8',
80 silly npmInstallDependencies      '@storybook/cli': '^3.4.11',
80 silly npmInstallDependencies      '@storybook/polymer': '^3.4.8',
80 silly npmInstallDependencies      '@webcomponents/webcomponentsjs': '^2.0.3',
80 silly npmInstallDependencies      'babel-plugin-external-helpers': '^6.22.0',
80 silly npmInstallDependencies      'babel-plugin-transform-es2015-modules-umd': '^6.24.1',
80 silly npmInstallDependencies      'babel-preset-env': '^1.7.0',
80 silly npmInstallDependencies      'browser-sync': '^2.24.6',
80 silly npmInstallDependencies      chalk: '^2.4.1',
80 silly npmInstallDependencies      'css-scss': '^0.1.1',
80 silly npmInstallDependencies      decomment: '^0.9.1',
80 silly npmInstallDependencies      del: '^3.0.0',
80 silly npmInstallDependencies      'dialog-polyfill': '^0.4.10',
80 silly npmInstallDependencies      global: '^4.3.2',
80 silly npmInstallDependencies      gulp: 'github:gulpjs/gulp#4.0',
80 silly npmInstallDependencies      'gulp-babel': '^7.0.0',
80 silly npmInstallDependencies      'gulp-clean-css': '^3.10.0',
80 silly npmInstallDependencies      'gulp-concat-util': '^0.5.5',
80 silly npmInstallDependencies      'gulp-rename': '^1.4.0',
80 silly npmInstallDependencies      'gulp-replace': '^1.0.0',
80 silly npmInstallDependencies      'gulp-sass': '^4.0.1',
80 silly npmInstallDependencies      'gulp-sequence': '^1.0.0',
80 silly npmInstallDependencies      'gulp-shell': '^0.6.5',
80 silly npmInstallDependencies      'gulp-strip-css-comments': '^2.0.0',
80 silly npmInstallDependencies      'gulp-svg-sprite': '^1.4.0',
80 silly npmInstallDependencies      'gulp-trim': '^1.0.2',
80 silly npmInstallDependencies      'gulp-uglify': '^3.0.1',
80 silly npmInstallDependencies      husky: '^0.14.3',
80 silly npmInstallDependencies      lerna: '^3.4.0',
80 silly npmInstallDependencies      'lint-staged': '^7.2.0',
80 silly npmInstallDependencies      lodash: '^4.17.10',
80 silly npmInstallDependencies      'lodash.clonedeep': '^4.5.0',
80 silly npmInstallDependencies      'node-sass': '^4.9.2',
80 silly npmInstallDependencies      'polymer-build': '^3.0.4',
80 silly npmInstallDependencies      'polymer-webpack-loader': '^2.0.3',
80 silly npmInstallDependencies      prettier: '^1.14.0',
80 silly npmInstallDependencies      requirejs: '^2.3.5',
80 silly npmInstallDependencies      rollup: '^0.64.1',
80 silly npmInstallDependencies      'rollup-plugin-babel': '^4.0.3',
80 silly npmInstallDependencies      'rollup-plugin-commonjs': '^9.1.6',
80 silly npmInstallDependencies      'rollup-plugin-node-resolve': '^3.4.0',
80 silly npmInstallDependencies      'rollup-plugin-uglify': '^4.0.0',
80 silly npmInstallDependencies      spandx: '^1.0.3',
80 silly npmInstallDependencies      'strip-css-comments': '^3.0.0',
80 silly npmInstallDependencies      trim: '0.0.1',
80 silly npmInstallDependencies      'wct-browser-legacy': '^1.0.1',
80 silly npmInstallDependencies      'web-component-tester': '^6.7.1',
80 silly npmInstallDependencies      'whatwg-fetch': '^2.0.3',
80 silly npmInstallDependencies      yo: '^1.8.5' },
80 silly npmInstallDependencies   dependencies:
80 silly npmInstallDependencies    { '@polymer/lit-element': '^0.5.2',
80 silly npmInstallDependencies      '@polymer/polymer': '^3.0.5',
80 silly npmInstallDependencies      'babel-plugin-transform-custom-element-classes': '^0.1.0',
80 silly npmInstallDependencies      'gulp-copy': '^1.1.0',
80 silly npmInstallDependencies      'inquirer-recursive': '0.0.5',
80 silly npmInstallDependencies      jest: '^23.6.0',
80 silly npmInstallDependencies      'slim-js': '^3.3.4' },
80 silly npmInstallDependencies   'lint-staged': { '*.{js,json}': [ 'prettier --write', 'git add' ] },
80 silly npmInstallDependencies   private: true }
81 silly getExecOpts /Users/michael/github/gotham-university/repos/gotham-science undefined
82 silly npmInstall [ 'npm', [ 'install' ] ]
83 silly npmInstallDependencies cleanup /Users/michael/github/gotham-university/repos/gotham-science/package.json
84 error Error: ENOENT: no such file or directory, rename '/Users/michael/github/gotham-university/repos/gotham-science/package.json.lerna_backup' -> '/Users/michael/github/gotham-university/repos/gotham-science/package.json'
84 error     at Object.fs.renameSync (fs.js:766:18)
84 error     at cleanup (/Users/michael/github/gotham-university/node_modules/@lerna/npm-install/npm-install.js:66:10)
84 error     at done (/Users/michael/github/gotham-university/node_modules/@lerna/npm-install/npm-install.js:74:7)
84 error     at <anonymous>
